#### MESHES ####
wrote: ushort: 12
wrote: uchar: 4
wrote: char[4]: body
wrote: uchar: 5
wrote: uchar: 4
wrote: char[4]: blue
wrote: ushort: 531
wrote: short[1593]: array
wrote: ushort: 592
wrote: ushort[1776]: array
wrote: ushort: 0
wrote: ushort: 531
wrote: short[1593]: array
wrote: ushort: 0
wrote: ushort: 0
wrote: uchar: 4
wrote: char[4]: grey
wrote: ushort: 426
wrote: short[1278]: array
wrote: ushort: 44
wrote: ushort[132]: array
wrote: ushort: 0
wrote: ushort: 426
wrote: short[1278]: array
wrote: ushort: 0
wrote: ushort: 0
wrote: uchar: 5
wrote: char[5]: white
wrote: ushort: 497
wrote: short[1491]: array
wrote: ushort: 448
wrote: ushort[1344]: array
wrote: ushort: 0
wrote: ushort: 497
wrote: short[1491]: array
wrote: ushort: 0
wrote: ushort: 0
wrote: uchar: 8
wrote: char[8]: darkgrey
wrote: ushort: 430
wrote: short[1290]: array
wrote: ushort: 72
wrote: ushort[216]: array
wrote: ushort: 0
wrote: ushort: 430
wrote: short[1290]: array
wrote: ushort: 0
wrote: ushort: 0
wrote: uchar: 5
wrote: char[5]: cream
wrote: ushort: 422
wrote: short[1266]: array
wrote: ushort: 24
wrote: ushort[72]: array
wrote: ushort: 0
wrote: ushort: 422
wrote: short[1266]: array
wrote: ushort: 0
wrote: ushort: 0
wrote: uchar: 5
wrote: char[5]: leg1l
wrote: uchar: 3
wrote: uchar: 4
wrote: char[4]: blue
wrote: ushort: 96
wrote: short[288]: array
wrote: ushort: 28
wrote: ushort[84]: array
wrote: ushort: 0
wrote: ushort: 96
wrote: short[288]: array
wrote: ushort: 0
wrote: ushort: 0
wrote: uchar: 5
wrote: char[5]: white
wrote: ushort: 108
wrote: short[324]: array
wrote: ushort: 106
wrote: ushort[318]: array
wrote: ushort: 0
wrote: ushort: 108
wrote: short[324]: array
wrote: ushort: 0
wrote: ushort: 0
wrote: uchar: 8
wrote: char[8]: darkgrey
wrote: ushort: 107
wrote: short[321]: array
wrote: ushort: 108
wrote: ushort[324]: array
wrote: ushort: 0
wrote: ushort: 107
wrote: short[321]: array
wrote: ushort: 0
wrote: ushort: 0
wrote: uchar: 5
wrote: char[5]: leg2l
wrote: uchar: 3
wrote: uchar: 6
wrote: char[6]: yellow
wrote: ushort: 69
wrote: short[207]: array
wrote: ushort: 22
wrote: ushort[66]: array
wrote: ushort: 0
wrote: ushort: 69
wrote: short[207]: array
wrote: ushort: 0
wrote: ushort: 0
wrote: uchar: 8
wrote: char[8]: darkgrey
wrote: ushort: 74
wrote: short[222]: array
wrote: ushort: 56
wrote: ushort[168]: array
wrote: ushort: 0
wrote: ushort: 74
wrote: short[222]: array
wrote: ushort: 0
wrote: ushort: 0
wrote: uchar: 5
wrote: char[5]: white
wrote: ushort: 73
wrote: short[219]: array
wrote: ushort: 60
wrote: ushort[180]: array
wrote: ushort: 0
wrote: ushort: 73
wrote: short[219]: array
wrote: ushort: 0
wrote: ushort: 0
wrote: uchar: 5
wrote: char[5]: leg1r
wrote: uchar: 3
wrote: uchar: 4
wrote: char[4]: blue
wrote: ushort: 93
wrote: short[279]: array
wrote: ushort: 28
wrote: ushort[84]: array
wrote: ushort: 0
wrote: ushort: 93
wrote: short[279]: array
wrote: ushort: 0
wrote: ushort: 0
wrote: uchar: 8
wrote: char[8]: darkgrey
wrote: ushort: 109
wrote: short[327]: array
wrote: ushort: 108
wrote: ushort[324]: array
wrote: ushort: 0
wrote: ushort: 109
wrote: short[327]: array
wrote: ushort: 0
wrote: ushort: 0
wrote: uchar: 5
wrote: char[5]: white
wrote: ushort: 105
wrote: short[315]: array
wrote: ushort: 106
wrote: ushort[318]: array
wrote: ushort: 0
wrote: ushort: 105
wrote: short[315]: array
wrote: ushort: 0
wrote: ushort: 0
wrote: uchar: 5
wrote: char[5]: leg2r
wrote: uchar: 3
wrote: uchar: 5
wrote: char[5]: white
wrote: ushort: 72
wrote: short[216]: array
wrote: ushort: 60
wrote: ushort[180]: array
wrote: ushort: 0
wrote: ushort: 72
wrote: short[216]: array
wrote: ushort: 0
wrote: ushort: 0
wrote: uchar: 8
wrote: char[8]: darkgrey
wrote: ushort: 71
wrote: short[213]: array
wrote: ushort: 56
wrote: ushort[168]: array
wrote: ushort: 0
wrote: ushort: 71
wrote: short[213]: array
wrote: ushort: 0
wrote: ushort: 0
wrote: uchar: 6
wrote: char[6]: yellow
wrote: ushort: 65
wrote: short[195]: array
wrote: ushort: 22
wrote: ushort[66]: array
wrote: ushort: 0
wrote: ushort: 65
wrote: short[195]: array
wrote: ushort: 0
wrote: ushort: 0
wrote: uchar: 5
wrote: char[5]: arm1r
wrote: uchar: 2
wrote: uchar: 4
wrote: char[4]: blue
wrote: ushort: 40
wrote: short[120]: array
wrote: ushort: 56
wrote: ushort[168]: array
wrote: ushort: 0
wrote: ushort: 40
wrote: short[120]: array
wrote: ushort: 0
wrote: ushort: 0
wrote: uchar: 4
wrote: char[4]: grey
wrote: ushort: 31
wrote: short[93]: array
wrote: ushort: 20
wrote: ushort[60]: array
wrote: ushort: 0
wrote: ushort: 31
wrote: short[93]: array
wrote: ushort: 0
wrote: ushort: 0
wrote: uchar: 5
wrote: char[5]: arm2r
wrote: uchar: 1
wrote: uchar: 4
wrote: char[4]: blue
wrote: ushort: 26
wrote: short[78]: array
wrote: ushort: 48
wrote: ushort[144]: array
wrote: ushort: 0
wrote: ushort: 26
wrote: short[78]: array
wrote: ushort: 0
wrote: ushort: 0
wrote: uchar: 5
wrote: char[5]: handr
wrote: uchar: 1
wrote: uchar: 5
wrote: char[5]: white
wrote: ushort: 80
wrote: short[240]: array
wrote: ushort: 120
wrote: ushort[360]: array
wrote: ushort: 0
wrote: ushort: 80
wrote: short[240]: array
wrote: ushort: 0
wrote: ushort: 0
wrote: uchar: 4
wrote: char[4]: head
wrote: uchar: 5
wrote: uchar: 5
wrote: char[5]: white
wrote: ushort: 227
wrote: short[681]: array
wrote: ushort: 53
wrote: ushort[159]: array
wrote: ushort: 0
wrote: ushort: 227
wrote: short[681]: array
wrote: ushort: 0
wrote: ushort: 0
wrote: uchar: 4
wrote: char[4]: blue
wrote: ushort: 223
wrote: short[669]: array
wrote: ushort: 44
wrote: ushort[132]: array
wrote: ushort: 0
wrote: ushort: 223
wrote: short[669]: array
wrote: ushort: 0
wrote: ushort: 0
wrote: uchar: 5
wrote: char[5]: green
wrote: ushort: 219
wrote: short[657]: array
wrote: ushort: 3
wrote: ushort[9]: array
wrote: ushort: 0
wrote: ushort: 219
wrote: short[657]: array
wrote: ushort: 0
wrote: ushort: 0
wrote: uchar: 8
wrote: char[8]: darkgrey
wrote: ushort: 304
wrote: short[912]: array
wrote: ushort: 472
wrote: ushort[1416]: array
wrote: ushort: 0
wrote: ushort: 304
wrote: short[912]: array
wrote: ushort: 0
wrote: ushort: 0
wrote: uchar: 4
wrote: char[4]: grey
wrote: ushort: 226
wrote: short[678]: array
wrote: ushort: 44
wrote: ushort[132]: array
wrote: ushort: 0
wrote: ushort: 226
wrote: short[678]: array
wrote: ushort: 0
wrote: ushort: 0
wrote: uchar: 5
wrote: char[5]: arm1l
wrote: uchar: 2
wrote: uchar: 4
wrote: char[4]: blue
wrote: ushort: 38
wrote: short[114]: array
wrote: ushort: 56
wrote: ushort[168]: array
wrote: ushort: 0
wrote: ushort: 38
wrote: short[114]: array
wrote: ushort: 0
wrote: ushort: 0
wrote: uchar: 4
wrote: char[4]: grey
wrote: ushort: 34
wrote: short[102]: array
wrote: ushort: 20
wrote: ushort[60]: array
wrote: ushort: 0
wrote: ushort: 34
wrote: short[102]: array
wrote: ushort: 0
wrote: ushort: 0
wrote: uchar: 5
wrote: char[5]: arm2l
wrote: uchar: 1
wrote: uchar: 4
wrote: char[4]: blue
wrote: ushort: 26
wrote: short[78]: array
wrote: ushort: 48
wrote: ushort[144]: array
wrote: ushort: 0
wrote: ushort: 26
wrote: short[78]: array
wrote: ushort: 0
wrote: ushort: 0
wrote: uchar: 5
wrote: char[5]: handl
wrote: uchar: 1
wrote: uchar: 5
wrote: char[5]: white
wrote: ushort: 80
wrote: short[240]: array
wrote: ushort: 120
wrote: ushort[360]: array
wrote: ushort: 0
wrote: ushort: 80
wrote: short[240]: array
wrote: ushort: 0
wrote: ushort: 0
#### MATERIALS ####
wrote: ushort: 7
wrote: uchar: 4
wrote: char[4]: blue
wrote: short: 10
wrote: short: 610
wrote: short: 900
wrote: color
wrote: uchar: 5
wrote: char[5]: cream
wrote: short: 999
wrote: short: 920
wrote: short: 229
wrote: color
wrote: uchar: 8
wrote: char[8]: darkgrey
wrote: short: 99
wrote: short: 99
wrote: short: 99
wrote: color
wrote: uchar: 5
wrote: char[5]: green
wrote: short: 549
wrote: short: 759
wrote: short: 290
wrote: color
wrote: uchar: 4
wrote: char[4]: grey
wrote: short: 620
wrote: short: 620
wrote: short: 620
wrote: color
wrote: uchar: 5
wrote: char[5]: white
wrote: short: 999
wrote: short: 999
wrote: short: 999
wrote: color
wrote: uchar: 6
wrote: char[6]: yellow
wrote: short: 999
wrote: short: 599
wrote: short: 0
wrote: color
#### OBJECTS ####
wrote: ushort: 12
wrote: uchar: 4
wrote: char[4]: body
wrote: uchar: 4
wrote: char[4]: body
wrote: uchar: 0
wrote: uchar: 4
wrote: char[4]: body
wrote: short: 1000
wrote: short: 0
wrote: short: 0
wrote: short: 22
wrote: short: 0
wrote: short: 1000
wrote: short: 0
wrote: short: 122
wrote: short: 0
wrote: short: 0
wrote: short: 1000
wrote: short: 875
wrote: short: 0
wrote: short: 0
wrote: short: 0
wrote: short: 1000
wrote: matrix
wrote: uchar: 5
wrote: char[5]: leg1l
wrote: uchar: 5
wrote: char[5]: leg1l
wrote: uchar: 4
wrote: char[4]: body
wrote: uchar: 5
wrote: char[5]: leg1l
wrote: short: 1000
wrote: short: 0
wrote: short: 0
wrote: short: -151
wrote: short: 0
wrote: short: 1000
wrote: short: 0
wrote: short: 55
wrote: short: 0
wrote: short: 0
wrote: short: 1000
wrote: short: -169
wrote: short: 0
wrote: short: 0
wrote: short: 0
wrote: short: 1000
wrote: matrix
wrote: uchar: 5
wrote: char[5]: leg2l
wrote: uchar: 5
wrote: char[5]: leg2l
wrote: uchar: 5
wrote: char[5]: leg1l
wrote: uchar: 5
wrote: char[5]: leg2l
wrote: short: 999
wrote: short: 0
wrote: short: 0
wrote: short: -20
wrote: short: 0
wrote: short: 999
wrote: short: 0
wrote: short: -20
wrote: short: 0
wrote: short: 0
wrote: short: 999
wrote: short: -299
wrote: short: 0
wrote: short: 0
wrote: short: 0
wrote: short: 1000
wrote: matrix
wrote: uchar: 5
wrote: char[5]: leg1r
wrote: uchar: 5
wrote: char[5]: leg1r
wrote: uchar: 4
wrote: char[4]: body
wrote: uchar: 5
wrote: char[5]: leg1r
wrote: short: 1000
wrote: short: 0
wrote: short: 0
wrote: short: 198
wrote: short: 0
wrote: short: 1000
wrote: short: 0
wrote: short: 55
wrote: short: 0
wrote: short: 0
wrote: short: 1000
wrote: short: -169
wrote: short: 0
wrote: short: 0
wrote: short: 0
wrote: short: 1000
wrote: matrix
wrote: uchar: 5
wrote: char[5]: leg2r
wrote: uchar: 5
wrote: char[5]: leg2r
wrote: uchar: 5
wrote: char[5]: leg1r
wrote: uchar: 5
wrote: char[5]: leg2r
wrote: short: 999
wrote: short: 0
wrote: short: 0
wrote: short: 20
wrote: short: 0
wrote: short: 999
wrote: short: 0
wrote: short: 0
wrote: short: 0
wrote: short: 0
wrote: short: 1000
wrote: short: -300
wrote: short: 0
wrote: short: 0
wrote: short: 0
wrote: short: 1000
wrote: matrix
wrote: uchar: 5
wrote: char[5]: arm1r
wrote: uchar: 5
wrote: char[5]: arm1r
wrote: uchar: 4
wrote: char[4]: body
wrote: uchar: 5
wrote: char[5]: arm1r
wrote: short: 1000
wrote: short: 0
wrote: short: 0
wrote: short: 397
wrote: short: 0
wrote: short: 1000
wrote: short: 0
wrote: short: 48
wrote: short: 0
wrote: short: 0
wrote: short: 1000
wrote: short: 269
wrote: short: 0
wrote: short: 0
wrote: short: 0
wrote: short: 1000
wrote: matrix
wrote: uchar: 5
wrote: char[5]: arm2r
wrote: uchar: 5
wrote: char[5]: arm2r
wrote: uchar: 5
wrote: char[5]: arm1r
wrote: uchar: 5
wrote: char[5]: arm2r
wrote: short: 999
wrote: short: 0
wrote: short: 0
wrote: short: 0
wrote: short: 0
wrote: short: 1000
wrote: short: 0
wrote: short: 0
wrote: short: 0
wrote: short: 0
wrote: short: 1000
wrote: short: -179
wrote: short: 0
wrote: short: 0
wrote: short: 0
wrote: short: 1000
wrote: matrix
wrote: uchar: 5
wrote: char[5]: handr
wrote: uchar: 5
wrote: char[5]: handr
wrote: uchar: 5
wrote: char[5]: arm2r
wrote: uchar: 5
wrote: char[5]: handr
wrote: short: 1000
wrote: short: 0
wrote: short: 0
wrote: short: 0
wrote: short: 0
wrote: short: 999
wrote: short: 0
wrote: short: 29
wrote: short: 0
wrote: short: 0
wrote: short: 999
wrote: short: -199
wrote: short: 0
wrote: short: 0
wrote: short: 0
wrote: short: 1000
wrote: matrix
wrote: uchar: 4
wrote: char[4]: head
wrote: uchar: 4
wrote: char[4]: head
wrote: uchar: 4
wrote: char[4]: body
wrote: uchar: 4
wrote: char[4]: head
wrote: short: 1000
wrote: short: 0
wrote: short: 0
wrote: short: 8
wrote: short: 0
wrote: short: 1000
wrote: short: 0
wrote: short: 45
wrote: short: 0
wrote: short: 0
wrote: short: 1000
wrote: short: 196
wrote: short: 0
wrote: short: 0
wrote: short: 0
wrote: short: 1000
wrote: matrix
wrote: uchar: 5
wrote: char[5]: arm1l
wrote: uchar: 5
wrote: char[5]: arm1l
wrote: uchar: 4
wrote: char[4]: body
wrote: uchar: 5
wrote: char[5]: arm1l
wrote: short: 1000
wrote: short: 0
wrote: short: 0
wrote: short: -362
wrote: short: 0
wrote: short: 1000
wrote: short: 0
wrote: short: 58
wrote: short: 0
wrote: short: 0
wrote: short: 1000
wrote: short: 279
wrote: short: 0
wrote: short: 0
wrote: short: 0
wrote: short: 1000
wrote: matrix
wrote: uchar: 5
wrote: char[5]: arm2l
wrote: uchar: 5
wrote: char[5]: arm2l
wrote: uchar: 5
wrote: char[5]: arm1l
wrote: uchar: 5
wrote: char[5]: arm2l
wrote: short: 999
wrote: short: 0
wrote: short: 0
wrote: short: 10
wrote: short: 0
wrote: short: 1000
wrote: short: 0
wrote: short: 20
wrote: short: 0
wrote: short: 0
wrote: short: 999
wrote: short: -189
wrote: short: 0
wrote: short: 0
wrote: short: 0
wrote: short: 1000
wrote: matrix
wrote: uchar: 5
wrote: char[5]: handl
wrote: uchar: 5
wrote: char[5]: handl
wrote: uchar: 5
wrote: char[5]: arm2l
wrote: uchar: 5
wrote: char[5]: handl
wrote: short: 1000
wrote: short: 0
wrote: short: 0
wrote: short: 0
wrote: short: 0
wrote: short: 1000
wrote: short: 0
wrote: short: 0
wrote: short: 0
wrote: short: 0
wrote: short: 999
wrote: short: -199
wrote: short: 0
wrote: short: 0
wrote: short: 0
wrote: short: 1000
wrote: matrix
#### ANIMATIONS ####
wrote: ushort: 12
wrote: uchar: 4
wrote: char[4]: body
wrote: ushort: 5
wrote: ushort: 1
wrote: short: 1000
wrote: short: 0
wrote: short: 0
wrote: short: 22
wrote: short: 0
wrote: short: 1000
wrote: short: 0
wrote: short: 122
wrote: short: 0
wrote: short: 0
wrote: short: 1000
wrote: short: 875
wrote: short: 0
wrote: short: 0
wrote: short: 0
wrote: short: 1000
wrote: matrix
wrote: ushort: 2
wrote: short: 1000
wrote: short: 0
wrote: short: 0
wrote: short: 22
wrote: short: 0
wrote: short: 981
wrote: short: 193
wrote: short: 122
wrote: short: 0
wrote: short: -193
wrote: short: 981
wrote: short: 823
wrote: short: 0
wrote: short: 0
wrote: short: 0
wrote: short: 1000
wrote: matrix
wrote: ushort: 3
wrote: short: 1000
wrote: short: 0
wrote: short: 0
wrote: short: 22
wrote: short: 0
wrote: short: 951
wrote: short: -307
wrote: short: 122
wrote: short: 0
wrote: short: 307
wrote: short: 951
wrote: short: 941
wrote: short: 0
wrote: short: 0
wrote: short: 0
wrote: short: 1000
wrote: matrix
wrote: ushort: 4
wrote: short: 1000
wrote: short: 0
wrote: short: 0
wrote: short: 22
wrote: short: 0
wrote: short: 588
wrote: short: 808
wrote: short: 122
wrote: short: 0
wrote: short: -808
wrote: short: 588
wrote: short: 772
wrote: short: 0
wrote: short: 0
wrote: short: 0
wrote: short: 1000
wrote: matrix
wrote: ushort: 5
wrote: short: 1000
wrote: short: 0
wrote: short: 0
wrote: short: 22
wrote: short: 0
wrote: short: 890
wrote: short: -454
wrote: short: 122
wrote: short: 0
wrote: short: 454
wrote: short: 890
wrote: short: 596
wrote: short: 0
wrote: short: 0
wrote: short: 0
wrote: short: 1000
wrote: matrix
wrote: uchar: 5
wrote: char[5]: leg1l
wrote: ushort: 5
wrote: ushort: 1
wrote: short: 1000
wrote: short: 0
wrote: short: 0
wrote: short: -151
wrote: short: 0
wrote: short: 1000
wrote: short: 0
wrote: short: 55
wrote: short: 0
wrote: short: 0
wrote: short: 1000
wrote: short: -169
wrote: short: 0
wrote: short: 0
wrote: short: 0
wrote: short: 1000
wrote: matrix
wrote: ushort: 2
wrote: short: 725
wrote: short: -498
wrote: short: 474
wrote: short: -151
wrote: short: 541
wrote: short: 839
wrote: short: 54
wrote: short: 55
wrote: short: -425
wrote: short: 217
wrote: short: 878
wrote: short: -169
wrote: short: 0
wrote: short: 0
wrote: short: 0
wrote: short: 1000
wrote: matrix
wrote: ushort: 3
wrote: short: 1000
wrote: short: 0
wrote: short: 0
wrote: short: -151
wrote: short: 0
wrote: short: 925
wrote: short: 378
wrote: short: 55
wrote: short: 0
wrote: short: -378
wrote: short: 925
wrote: short: -169
wrote: short: 0
wrote: short: 0
wrote: short: 0
wrote: short: 1000
wrote: matrix
wrote: ushort: 4
wrote: short: 1000
wrote: short: 0
wrote: short: 0
wrote: short: -151
wrote: short: 0
wrote: short: -400
wrote: short: -916
wrote: short: 55
wrote: short: 0
wrote: short: 916
wrote: short: -400
wrote: short: -169
wrote: short: 0
wrote: short: 0
wrote: short: 0
wrote: short: 1000
wrote: matrix
wrote: ushort: 5
wrote: short: 745
wrote: short: 521
wrote: short: 414
wrote: short: -151
wrote: short: 262
wrote: short: 341
wrote: short: -902
wrote: short: 55
wrote: short: -612
wrote: short: 781
wrote: short: 117
wrote: short: -169
wrote: short: 0
wrote: short: 0
wrote: short: 0
wrote: short: 1000
wrote: matrix
wrote: uchar: 5
wrote: char[5]: leg2l
wrote: ushort: 5
wrote: ushort: 1
wrote: short: 999
wrote: short: 0
wrote: short: 0
wrote: short: -20
wrote: short: 0
wrote: short: 999
wrote: short: 0
wrote: short: -20
wrote: short: 0
wrote: short: 0
wrote: short: 999
wrote: short: -299
wrote: short: 0
wrote: short: 0
wrote: short: 0
wrote: short: 1000
wrote: matrix
wrote: ushort: 2
wrote: short: 958
wrote: short: 238
wrote: short: -156
wrote: short: -20
wrote: short: -165
wrote: short: 911
wrote: short: 376
wrote: short: -20
wrote: short: 232
wrote: short: -334
wrote: short: 913
wrote: short: -299
wrote: short: 0
wrote: short: 0
wrote: short: 0
wrote: short: 1000
wrote: matrix
wrote: ushort: 3
wrote: short: 999
wrote: short: 0
wrote: short: 0
wrote: short: -20
wrote: short: 0
wrote: short: 984
wrote: short: 175
wrote: short: -20
wrote: short: 0
wrote: short: -175
wrote: short: 984
wrote: short: -299
wrote: short: 0
wrote: short: 0
wrote: short: 0
wrote: short: 1000
wrote: matrix
wrote: ushort: 4
wrote: short: 999
wrote: short: 0
wrote: short: 0
wrote: short: -20
wrote: short: 0
wrote: short: 657
wrote: short: 753
wrote: short: -20
wrote: short: 0
wrote: short: -753
wrote: short: 657
wrote: short: -299
wrote: short: 0
wrote: short: 0
wrote: short: 0
wrote: short: 1000
wrote: matrix
wrote: ushort: 5
wrote: short: 999
wrote: short: 0
wrote: short: 0
wrote: short: -19
wrote: short: 0
wrote: short: 39
wrote: short: 999
wrote: short: -20
wrote: short: 0
wrote: short: -999
wrote: short: 39
wrote: short: -299
wrote: short: 0
wrote: short: 0
wrote: short: 0
wrote: short: 1000
wrote: matrix
wrote: uchar: 5
wrote: char[5]: leg1r
wrote: ushort: 5
wrote: ushort: 1
wrote: short: 1000
wrote: short: 0
wrote: short: 0
wrote: short: 198
wrote: short: 0
wrote: short: 1000
wrote: short: 0
wrote: short: 55
wrote: short: 0
wrote: short: 0
wrote: short: 1000
wrote: short: -169
wrote: short: 0
wrote: short: 0
wrote: short: 0
wrote: short: 1000
wrote: matrix
wrote: ushort: 2
wrote: short: 976
wrote: short: 93
wrote: short: -194
wrote: short: 198
wrote: short: -215
wrote: short: 364
wrote: short: -905
wrote: short: 55
wrote: short: -13
wrote: short: 926
wrote: short: 376
wrote: short: -169
wrote: short: 0
wrote: short: 0
wrote: short: 0
wrote: short: 1000
wrote: matrix
wrote: ushort: 3
wrote: short: 1000
wrote: short: 0
wrote: short: 0
wrote: short: 198
wrote: short: 0
wrote: short: 950
wrote: short: 309
wrote: short: 55
wrote: short: 0
wrote: short: -309
wrote: short: 950
wrote: short: -169
wrote: short: 0
wrote: short: 0
wrote: short: 0
wrote: short: 1000
wrote: matrix
wrote: ushort: 4
wrote: short: 961
wrote: short: -84
wrote: short: -262
wrote: short: 198
wrote: short: -222
wrote: short: 322
wrote: short: -919
wrote: short: 55
wrote: short: 162
wrote: short: 942
wrote: short: 291
wrote: short: -169
wrote: short: 0
wrote: short: 0
wrote: short: 0
wrote: short: 1000
wrote: matrix
wrote: ushort: 5
wrote: short: 910
wrote: short: -310
wrote: short: -272
wrote: short: 198
wrote: short: -166
wrote: short: 325
wrote: short: -930
wrote: short: 55
wrote: short: 377
wrote: short: 892
wrote: short: 245
wrote: short: -169
wrote: short: 0
wrote: short: 0
wrote: short: 0
wrote: short: 1000
wrote: matrix
wrote: uchar: 5
wrote: char[5]: leg2r
wrote: ushort: 5
wrote: ushort: 1
wrote: short: 999
wrote: short: 0
wrote: short: 0
wrote: short: 20
wrote: short: 0
wrote: short: 999
wrote: short: 0
wrote: short: 0
wrote: short: 0
wrote: short: 0
wrote: short: 1000
wrote: short: -300
wrote: short: 0
wrote: short: 0
wrote: short: 0
wrote: short: 1000
wrote: matrix
wrote: ushort: 2
wrote: short: 971
wrote: short: 232
wrote: short: -37
wrote: short: 19
wrote: short: -73
wrote: short: 451
wrote: short: 889
wrote: short: 0
wrote: short: 224
wrote: short: -861
wrote: short: 456
wrote: short: -300
wrote: short: 0
wrote: short: 0
wrote: short: 0
wrote: short: 1000
wrote: matrix
wrote: ushort: 3
wrote: short: 999
wrote: short: 0
wrote: short: 0
wrote: short: 20
wrote: short: 0
wrote: short: 897
wrote: short: 440
wrote: short: 0
wrote: short: 0
wrote: short: -440
wrote: short: 897
wrote: short: -300
wrote: short: 0
wrote: short: 0
wrote: short: 0
wrote: short: 1000
wrote: matrix
wrote: ushort: 4
wrote: short: 1000
wrote: short: 0
wrote: short: 0
wrote: short: 20
wrote: short: 0
wrote: short: -244
wrote: short: 969
wrote: short: 0
wrote: short: 0
wrote: short: -969
wrote: short: -244
wrote: short: -299
wrote: short: 0
wrote: short: 0
wrote: short: 0
wrote: short: 1000
wrote: matrix
wrote: ushort: 5
wrote: short: 999
wrote: short: 0
wrote: short: 0
wrote: short: 19
wrote: short: 0
wrote: short: 957
wrote: short: 288
wrote: short: 0
wrote: short: 0
wrote: short: -288
wrote: short: 957
wrote: short: -300
wrote: short: 0
wrote: short: 0
wrote: short: 0
wrote: short: 1000
wrote: matrix
wrote: uchar: 5
wrote: char[5]: arm1r
wrote: ushort: 5
wrote: ushort: 1
wrote: short: 1000
wrote: short: 0
wrote: short: 0
wrote: short: 397
wrote: short: 0
wrote: short: 1000
wrote: short: 0
wrote: short: 48
wrote: short: 0
wrote: short: 0
wrote: short: 1000
wrote: short: 269
wrote: short: 0
wrote: short: 0
wrote: short: 0
wrote: short: 1000
wrote: matrix
wrote: ushort: 2
wrote: short: 841
wrote: short: 529
wrote: short: -105
wrote: short: 397
wrote: short: -375
wrote: short: 433
wrote: short: -819
wrote: short: 48
wrote: short: -388
wrote: short: 729
wrote: short: 563
wrote: short: 269
wrote: short: 0
wrote: short: 0
wrote: short: 0
wrote: short: 1000
wrote: matrix
wrote: ushort: 3
wrote: short: 841
wrote: short: 131
wrote: short: -524
wrote: short: 397
wrote: short: 150
wrote: short: 875
wrote: short: 460
wrote: short: 48
wrote: short: 518
wrote: short: -465
wrote: short: 716
wrote: short: 269
wrote: short: 0
wrote: short: 0
wrote: short: 0
wrote: short: 1000
wrote: matrix
wrote: ushort: 4
wrote: short: 876
wrote: short: -298
wrote: short: 377
wrote: short: 397
wrote: short: 275
wrote: short: -332
wrote: short: -902
wrote: short: 48
wrote: short: 394
wrote: short: 894
wrote: short: -209
wrote: short: 269
wrote: short: 0
wrote: short: 0
wrote: short: 0
wrote: short: 1000
wrote: matrix
wrote: ushort: 5
wrote: short: 627
wrote: short: 0
wrote: short: -778
wrote: short: 397
wrote: short: -743
wrote: short: 298
wrote: short: -598
wrote: short: 48
wrote: short: 232
wrote: short: 954
wrote: short: 186
wrote: short: 269
wrote: short: 0
wrote: short: 0
wrote: short: 0
wrote: short: 1000
wrote: matrix
wrote: uchar: 5
wrote: char[5]: arm2r
wrote: ushort: 5
wrote: ushort: 1
wrote: short: 999
wrote: short: 0
wrote: short: 0
wrote: short: 0
wrote: short: 0
wrote: short: 1000
wrote: short: 0
wrote: short: 0
wrote: short: 0
wrote: short: 0
wrote: short: 1000
wrote: short: -179
wrote: short: 0
wrote: short: 0
wrote: short: 0
wrote: short: 1000
wrote: matrix
wrote: ushort: 2
wrote: short: 862
wrote: short: 0
wrote: short: 505
wrote: short: 0
wrote: short: 0
wrote: short: 1000
wrote: short: 0
wrote: short: 0
wrote: short: -505
wrote: short: 0
wrote: short: 862
wrote: short: -179
wrote: short: 0
wrote: short: 0
wrote: short: 0
wrote: short: 1000
wrote: matrix
wrote: ushort: 3
wrote: short: 960
wrote: short: 0
wrote: short: 276
wrote: short: 0
wrote: short: 0
wrote: short: 1000
wrote: short: 0
wrote: short: 0
wrote: short: -276
wrote: short: 0
wrote: short: 960
wrote: short: -179
wrote: short: 0
wrote: short: 0
wrote: short: 0
wrote: short: 1000
wrote: matrix
wrote: ushort: 4
wrote: short: 947
wrote: short: 0
wrote: short: 319
wrote: short: 0
wrote: short: 0
wrote: short: 1000
wrote: short: 0
wrote: short: 0
wrote: short: -319
wrote: short: 0
wrote: short: 947
wrote: short: -179
wrote: short: 0
wrote: short: 0
wrote: short: 0
wrote: short: 1000
wrote: matrix
wrote: ushort: 5
wrote: short: 939
wrote: short: 0
wrote: short: 342
wrote: short: 0
wrote: short: 0
wrote: short: 999
wrote: short: 0
wrote: short: 0
wrote: short: -342
wrote: short: 0
wrote: short: 939
wrote: short: -179
wrote: short: 0
wrote: short: 0
wrote: short: 0
wrote: short: 1000
wrote: matrix
wrote: uchar: 5
wrote: char[5]: handr
wrote: ushort: 5
wrote: ushort: 1
wrote: short: 1000
wrote: short: 0
wrote: short: 0
wrote: short: 0
wrote: short: 0
wrote: short: 999
wrote: short: 0
wrote: short: 29
wrote: short: 0
wrote: short: 0
wrote: short: 999
wrote: short: -199
wrote: short: 0
wrote: short: 0
wrote: short: 0
wrote: short: 1000
wrote: matrix
wrote: ushort: 2
wrote: short: 886
wrote: short: 60
wrote: short: -458
wrote: short: 0
wrote: short: -459
wrote: short: 1
wrote: short: -888
wrote: short: 29
wrote: short: -53
wrote: short: 998
wrote: short: 28
wrote: short: -199
wrote: short: 0
wrote: short: 0
wrote: short: 0
wrote: short: 1000
wrote: matrix
wrote: ushort: 3
wrote: short: 826
wrote: short: 523
wrote: short: -206
wrote: short: 0
wrote: short: -563
wrote: short: 768
wrote: short: -303
wrote: short: 29
wrote: short: 0
wrote: short: 367
wrote: short: 929
wrote: short: -199
wrote: short: 0
wrote: short: 0
wrote: short: 0
wrote: short: 1000
wrote: matrix
wrote: ushort: 4
wrote: short: 346
wrote: short: 633
wrote: short: 691
wrote: short: 0
wrote: short: -915
wrote: short: 388
wrote: short: 102
wrote: short: 29
wrote: short: -203
wrote: short: -668
wrote: short: 715
wrote: short: -199
wrote: short: 0
wrote: short: 0
wrote: short: 0
wrote: short: 1000
wrote: matrix
wrote: ushort: 5
wrote: short: 1000
wrote: short: 0
wrote: short: 0
wrote: short: 0
wrote: short: 0
wrote: short: 1000
wrote: short: 0
wrote: short: 30
wrote: short: 0
wrote: short: 0
wrote: short: 999
wrote: short: -199
wrote: short: 0
wrote: short: 0
wrote: short: 0
wrote: short: 1000
wrote: matrix
wrote: uchar: 4
wrote: char[4]: head
wrote: ushort: 5
wrote: ushort: 1
wrote: short: 1000
wrote: short: 0
wrote: short: 0
wrote: short: 8
wrote: short: 0
wrote: short: 1000
wrote: short: 0
wrote: short: 45
wrote: short: 0
wrote: short: 0
wrote: short: 1000
wrote: short: 196
wrote: short: 0
wrote: short: 0
wrote: short: 0
wrote: short: 1000
wrote: matrix
wrote: ushort: 2
wrote: short: 1000
wrote: short: 0
wrote: short: 0
wrote: short: 8
wrote: short: 0
wrote: short: 975
wrote: short: 219
wrote: short: 45
wrote: short: 0
wrote: short: -219
wrote: short: 975
wrote: short: 196
wrote: short: 0
wrote: short: 0
wrote: short: 0
wrote: short: 1000
wrote: matrix
wrote: ushort: 3
wrote: short: 1000
wrote: short: 0
wrote: short: 0
wrote: short: 8
wrote: short: 0
wrote: short: 903
wrote: short: 428
wrote: short: 45
wrote: short: 0
wrote: short: -428
wrote: short: 903
wrote: short: 196
wrote: short: 0
wrote: short: 0
wrote: short: 0
wrote: short: 1000
wrote: matrix
wrote: ushort: 4
wrote: short: 1000
wrote: short: 0
wrote: short: 0
wrote: short: 8
wrote: short: 0
wrote: short: 870
wrote: short: -492
wrote: short: 45
wrote: short: 0
wrote: short: 492
wrote: short: 870
wrote: short: 196
wrote: short: 0
wrote: short: 0
wrote: short: 0
wrote: short: 1000
wrote: matrix
wrote: ushort: 5
wrote: short: 1000
wrote: short: 0
wrote: short: 0
wrote: short: 8
wrote: short: 0
wrote: short: 1000
wrote: short: 0
wrote: short: 45
wrote: short: 0
wrote: short: 0
wrote: short: 1000
wrote: short: 196
wrote: short: 0
wrote: short: 0
wrote: short: 0
wrote: short: 1000
wrote: matrix
wrote: uchar: 5
wrote: char[5]: arm1l
wrote: ushort: 5
wrote: ushort: 1
wrote: short: 1000
wrote: short: 0
wrote: short: 0
wrote: short: -362
wrote: short: 0
wrote: short: 1000
wrote: short: 0
wrote: short: 58
wrote: short: 0
wrote: short: 0
wrote: short: 1000
wrote: short: 279
wrote: short: 0
wrote: short: 0
wrote: short: 0
wrote: short: 1000
wrote: matrix
wrote: ushort: 2
wrote: short: 956
wrote: short: 0
wrote: short: 291
wrote: short: -362
wrote: short: 255
wrote: short: 478
wrote: short: -839
wrote: short: 58
wrote: short: -139
wrote: short: 877
wrote: short: 458
wrote: short: 279
wrote: short: 0
wrote: short: 0
wrote: short: 0
wrote: short: 1000
wrote: matrix
wrote: ushort: 3
wrote: short: 919
wrote: short: 249
wrote: short: 304
wrote: short: -362
wrote: short: -299
wrote: short: 945
wrote: short: 129
wrote: short: 58
wrote: short: -255
wrote: short: -209
wrote: short: 943
wrote: short: 279
wrote: short: 0
wrote: short: 0
wrote: short: 0
wrote: short: 1000
wrote: matrix
wrote: ushort: 4
wrote: short: 427
wrote: short: -92
wrote: short: 899
wrote: short: -362
wrote: short: 602
wrote: short: 770
wrote: short: -207
wrote: short: 58
wrote: short: -673
wrote: short: 630
wrote: short: 385
wrote: short: 279
wrote: short: 0
wrote: short: 0
wrote: short: 0
wrote: short: 1000
wrote: matrix
wrote: ushort: 5
wrote: short: 816
wrote: short: 0
wrote: short: 577
wrote: short: -362
wrote: short: 576
wrote: short: -53
wrote: short: -815
wrote: short: 58
wrote: short: 30
wrote: short: 998
wrote: short: -43
wrote: short: 279
wrote: short: 0
wrote: short: 0
wrote: short: 0
wrote: short: 1000
wrote: matrix
wrote: uchar: 5
wrote: char[5]: arm2l
wrote: ushort: 5
wrote: ushort: 1
wrote: short: 999
wrote: short: 0
wrote: short: 0
wrote: short: 10
wrote: short: 0
wrote: short: 1000
wrote: short: 0
wrote: short: 20
wrote: short: 0
wrote: short: 0
wrote: short: 999
wrote: short: -189
wrote: short: 0
wrote: short: 0
wrote: short: 0
wrote: short: 1000
wrote: matrix
wrote: ushort: 2
wrote: short: 930
wrote: short: 0
wrote: short: -366
wrote: short: 10
wrote: short: 0
wrote: short: 999
wrote: short: 0
wrote: short: 20
wrote: short: 366
wrote: short: 0
wrote: short: 930
wrote: short: -189
wrote: short: 0
wrote: short: 0
wrote: short: 0
wrote: short: 1000
wrote: matrix
wrote: ushort: 3
wrote: short: 937
wrote: short: 0
wrote: short: -347
wrote: short: 10
wrote: short: 0
wrote: short: 1000
wrote: short: 0
wrote: short: 20
wrote: short: 347
wrote: short: 0
wrote: short: 937
wrote: short: -189
wrote: short: 0
wrote: short: 0
wrote: short: 0
wrote: short: 1000
wrote: matrix
wrote: ushort: 4
wrote: short: 986
wrote: short: 0
wrote: short: -165
wrote: short: 10
wrote: short: 0
wrote: short: 1000
wrote: short: 0
wrote: short: 20
wrote: short: 165
wrote: short: 0
wrote: short: 986
wrote: short: -189
wrote: short: 0
wrote: short: 0
wrote: short: 0
wrote: short: 1000
wrote: matrix
wrote: ushort: 5
wrote: short: 798
wrote: short: 0
wrote: short: -601
wrote: short: 10
wrote: short: 0
wrote: short: 1000
wrote: short: 0
wrote: short: 20
wrote: short: 601
wrote: short: 0
wrote: short: 798
wrote: short: -189
wrote: short: 0
wrote: short: 0
wrote: short: 0
wrote: short: 1000
wrote: matrix
wrote: uchar: 5
wrote: char[5]: handl
wrote: ushort: 5
wrote: ushort: 1
wrote: short: 1000
wrote: short: 0
wrote: short: 0
wrote: short: 0
wrote: short: 0
wrote: short: 1000
wrote: short: 0
wrote: short: 0
wrote: short: 0
wrote: short: 0
wrote: short: 999
wrote: short: -199
wrote: short: 0
wrote: short: 0
wrote: short: 0
wrote: short: 1000
wrote: matrix
wrote: ushort: 2
wrote: short: -41
wrote: short: -868
wrote: short: 493
wrote: short: 0
wrote: short: 959
wrote: short: -171
wrote: short: -221
wrote: short: 0
wrote: short: 277
wrote: short: 464
wrote: short: 840
wrote: short: -200
wrote: short: 0
wrote: short: 0
wrote: short: 0
wrote: short: 1000
wrote: matrix
wrote: ushort: 3
wrote: short: 378
wrote: short: -904
wrote: short: 196
wrote: short: 0
wrote: short: 925
wrote: short: 370
wrote: short: -80
wrote: short: 0
wrote: short: 0
wrote: short: 212
wrote: short: 977
wrote: short: -199
wrote: short: 0
wrote: short: 0
wrote: short: 0
wrote: short: 1000
wrote: matrix
wrote: ushort: 4
wrote: short: 904
wrote: short: -426
wrote: short: 20
wrote: short: 0
wrote: short: 427
wrote: short: 903
wrote: short: -43
wrote: short: 0
wrote: short: 0
wrote: short: 48
wrote: short: 998
wrote: short: -200
wrote: short: 0
wrote: short: 0
wrote: short: 0
wrote: short: 1000
wrote: matrix
wrote: ushort: 5
wrote: short: 1000
wrote: short: 0
wrote: short: 0
wrote: short: 0
wrote: short: 0
wrote: short: 1000
wrote: short: 0
wrote: short: 0
wrote: short: 0
wrote: short: 0
wrote: short: 999
wrote: short: -200
wrote: short: 0
wrote: short: 0
wrote: short: 0
wrote: short: 1000
wrote: matrix
